[roslaunch][INFO] 2022-10-11 14:52:12,788: Checking log directory for disk usage. This may take a while.
Press Ctrl-C to interrupt
[roslaunch][INFO] 2022-10-11 14:52:12,790: Done checking log file disk usage. Usage is <1GB.
[roslaunch][INFO] 2022-10-11 14:52:12,790: roslaunch starting with args ['/opt/ros/noetic/bin/roslaunch', 'vega_simulator', 'simulator.launch']
[roslaunch][INFO] 2022-10-11 14:52:12,791: roslaunch env is environ({'CMAKE_PREFIX_PATH': '/home/shubham/catkin_ws/devel_isolated/vega_simulator:/home/shubham/catkin_ws/devel_isolated/vega_libraries:/opt/ros/noetic', 'COLORTERM': 'truecolor', 'DBUS_SESSION_BUS_ADDRESS': 'unix:path=/run/user/1000/bus', 'DEFAULTS_PATH': '/usr/share/gconf/ubuntu.default.path', 'DESKTOP_SESSION': 'ubuntu', 'DISPLAY': ':1', 'GDMSESSION': 'ubuntu', 'GJS_DEBUG_OUTPUT': 'stderr', 'GJS_DEBUG_TOPICS': 'JS ERROR;JS LOG', 'GNOME_DESKTOP_SESSION_ID': 'this-is-deprecated', 'GNOME_SHELL_SESSION_MODE': 'ubuntu', 'GNOME_TERMINAL_SCREEN': '/org/gnome/Terminal/screen/de54eb1a_9888_47ee_8ec6_9464378fcf49', 'GNOME_TERMINAL_SERVICE': ':1.96', 'GPG_AGENT_INFO': '/run/user/1000/gnupg/S.gpg-agent:0:1', 'GTK_MODULES': 'gail:atk-bridge', 'HOME': '/home/shubham', 'IM_CONFIG_PHASE': '1', 'INVOCATION_ID': '8e01cafe038b4c8495247b1d70e5e1c0', 'JOURNAL_STREAM': '8:46640', 'LANG': 'en_US.UTF-8', 'LANGUAGE': 'en_IN:en', 'LC_ALL': 'en_US.UTF-8', 'LD_LIBRARY_PATH': '/home/shubham/catkin_ws/devel_isolated/vega_simulator/lib:/home/shubham/catkin_ws/devel_isolated/vega_libraries/lib:/opt/ros/noetic/lib:/opt/ros/noetic/lib/x86_64-linux-gnu:/usr/local/lib:/home/shubham/Desktop/DDP/Soft_robo_sim/VegaFEM/libraries/glui/glui-2.35/src/lib/', 'LESS': '-R', 'LOGNAME': 'shubham', 'LSCOLORS': 'Gxfxcxdxbxegedabagacad', 'LS_COLORS': 'rs=0:di=01;34:ln=01;36:mh=00:pi=40;33:so=01;35:do=01;35:bd=40;33;01:cd=40;33;01:or=40;31;01:mi=00:su=37;41:sg=30;43:ca=30;41:tw=30;42:ow=34;42:st=37;44:ex=01;32:*.tar=01;31:*.tgz=01;31:*.arc=01;31:*.arj=01;31:*.taz=01;31:*.lha=01;31:*.lz4=01;31:*.lzh=01;31:*.lzma=01;31:*.tlz=01;31:*.txz=01;31:*.tzo=01;31:*.t7z=01;31:*.zip=01;31:*.z=01;31:*.dz=01;31:*.gz=01;31:*.lrz=01;31:*.lz=01;31:*.lzo=01;31:*.xz=01;31:*.zst=01;31:*.tzst=01;31:*.bz2=01;31:*.bz=01;31:*.tbz=01;31:*.tbz2=01;31:*.tz=01;31:*.deb=01;31:*.rpm=01;31:*.jar=01;31:*.war=01;31:*.ear=01;31:*.sar=01;31:*.rar=01;31:*.alz=01;31:*.ace=01;31:*.zoo=01;31:*.cpio=01;31:*.7z=01;31:*.rz=01;31:*.cab=01;31:*.wim=01;31:*.swm=01;31:*.dwm=01;31:*.esd=01;31:*.jpg=01;35:*.jpeg=01;35:*.mjpg=01;35:*.mjpeg=01;35:*.gif=01;35:*.bmp=01;35:*.pbm=01;35:*.pgm=01;35:*.ppm=01;35:*.tga=01;35:*.xbm=01;35:*.xpm=01;35:*.tif=01;35:*.tiff=01;35:*.png=01;35:*.svg=01;35:*.svgz=01;35:*.mng=01;35:*.pcx=01;35:*.mov=01;35:*.mpg=01;35:*.mpeg=01;35:*.m2v=01;35:*.mkv=01;35:*.webm=01;35:*.ogm=01;35:*.mp4=01;35:*.m4v=01;35:*.mp4v=01;35:*.vob=01;35:*.qt=01;35:*.nuv=01;35:*.wmv=01;35:*.asf=01;35:*.rm=01;35:*.rmvb=01;35:*.flc=01;35:*.avi=01;35:*.fli=01;35:*.flv=01;35:*.gl=01;35:*.dl=01;35:*.xcf=01;35:*.xwd=01;35:*.yuv=01;35:*.cgm=01;35:*.emf=01;35:*.ogv=01;35:*.ogx=01;35:*.aac=00;36:*.au=00;36:*.flac=00;36:*.m4a=00;36:*.mid=00;36:*.midi=00;36:*.mka=00;36:*.mp3=00;36:*.mpc=00;36:*.ogg=00;36:*.ra=00;36:*.wav=00;36:*.oga=00;36:*.opus=00;36:*.spx=00;36:*.xspf=00;36:', 'MANAGERPID': '1694', 'MANDATORY_PATH': '/usr/share/gconf/ubuntu.mandatory.path', 'OLDPWD': '/home/shubham/catkin_ws/src/Soft_robo_sim/vega_simulator/config', 'PAGER': 'less', 'PATH': '/opt/ros/noetic/bin:/home/shubham/.local/bin:/usr/local/sbin:/usr/local/bin:/usr/sbin:/usr/bin:/sbin:/bin:/usr/games:/usr/local/games:/snap/bin', 'PKG_CONFIG_PATH': '/home/shubham/catkin_ws/devel_isolated/vega_simulator/lib/pkgconfig:/home/shubham/catkin_ws/devel_isolated/vega_libraries/lib/pkgconfig:/opt/ros/noetic/lib/pkgconfig:/opt/ros/noetic/lib/x86_64-linux-gnu/pkgconfig', 'PWD': '/home/shubham/catkin_ws/src/Soft_robo_sim/vega_simulator/config', 'PYTHONPATH': '/opt/ros/noetic/lib/python3/dist-packages', 'QT_ACCESSIBILITY': '1', 'QT_IM_MODULE': 'ibus', 'ROSLISP_PACKAGE_DIRECTORIES': '/home/shubham/catkin_ws/devel_isolated/vega_simulator/share/common-lisp:/home/shubham/catkin_ws/devel_isolated/vega_libraries/share/common-lisp', 'ROS_DISTRO': 'noetic', 'ROS_ETC_DIR': '/opt/ros/noetic/etc/ros', 'ROS_HOSTNAME': '192.168.1.131', 'ROS_MASTER_URI': 'http://192.168.1.131:11311', 'ROS_PACKAGE_PATH': '/home/shubham/catkin_ws/src/Soft_robo_sim/vega_simulator:/home/shubham/catkin_ws/src/Soft_robo_sim/vega_libraries:/opt/ros/noetic/share', 'ROS_PYTHON_VERSION': '3', 'ROS_ROOT': '/opt/ros/noetic/share/ros', 'ROS_VERSION': '1', 'SESSION_MANAGER': 'local/robo:@/tmp/.ICE-unix/1969,unix/robo:/tmp/.ICE-unix/1969', 'SHELL': '/usr/bin/zsh', 'SHLVL': '2', 'SSH_AGENT_PID': '1932', 'SSH_AUTH_SOCK': '/run/user/1000/keyring/ssh', 'TERM': 'screen', 'TMUX': '/tmp//tmux-1000/default,4237,1', 'TMUX_PANE': '%1', 'TURTLEBOT3_MODEL': 'burger', 'USER': 'shubham', 'USERNAME': 'shubham', 'VTE_VERSION': '6003', 'WINDOWPATH': '2', 'XAUTHORITY': '/run/user/1000/gdm/Xauthority', 'XDG_CONFIG_DIRS': '/etc/xdg/xdg-ubuntu:/etc/xdg', 'XDG_CURRENT_DESKTOP': 'ubuntu:GNOME', 'XDG_DATA_DIRS': '/usr/share/ubuntu:/home/shubham/.local/share/flatpak/exports/share:/var/lib/flatpak/exports/share:/usr/local/share/:/usr/share/:/var/lib/snapd/desktop', 'XDG_MENU_PREFIX': 'gnome-', 'XDG_RUNTIME_DIR': '/run/user/1000', 'XDG_SESSION_CLASS': 'user', 'XDG_SESSION_DESKTOP': 'ubuntu', 'XDG_SESSION_TYPE': 'x11', 'XMODIFIERS': '@im=ibus', 'ZSH': '/home/shubham/.oh-my-zsh', '_': '/opt/ros/noetic/bin/roslaunch', 'ROS_HOME': '/home/shubham/catkin_ws/src/Soft_robo_sim/vega_simulator/config/', 'ROS_LOG_FILENAME': '/home/shubham/catkin_ws/src/Soft_robo_sim/vega_simulator/config/log/492c221c-493c-11ed-a267-a995e9105c57/roslaunch-robo-12728.log'})
[roslaunch][INFO] 2022-10-11 14:52:12,791: starting in server mode
[roslaunch.parent][INFO] 2022-10-11 14:52:12,791: starting roslaunch parent run
[roslaunch][INFO] 2022-10-11 14:52:12,791: loading roscore config file /opt/ros/noetic/etc/ros/roscore.xml
[roslaunch][INFO] 2022-10-11 14:52:12,900: Added core node of type [rosout/rosout] in namespace [/]
[roslaunch.config][INFO] 2022-10-11 14:52:12,900: loading config file /home/shubham/catkin_ws/src/Soft_robo_sim/vega_simulator/launch/simulator.launch
[roslaunch][INFO] 2022-10-11 14:52:12,901: Added node of type [vega_simulator/actual_simulator] in namespace [/actual_system/]
[roslaunch][INFO] 2022-10-11 14:52:12,901: Added node of type [vega_simulator/control_simulator] in namespace [/virtual_system/]
[roslaunch][ERROR] 2022-10-11 14:52:12,901: RLException: Unknown substitution command [0]. Valid commands are ['find', 'env', 'optenv', 'dirname', 'anon', 'arg']
[roslaunch][ERROR] 2022-10-11 14:52:12,901: The traceback for the exception was written to the log file
[roslaunch][ERROR] 2022-10-11 14:52:12,902: Traceback (most recent call last):
  File "/opt/ros/noetic/lib/python3/dist-packages/roslaunch/xmlloader.py", line 761, in load
    self._load_launch(launch, ros_config, is_core=core, filename=filename, argv=argv, verbose=verbose)
  File "/opt/ros/noetic/lib/python3/dist-packages/roslaunch/xmlloader.py", line 733, in _load_launch
    self._recurse_load(ros_config, launch.childNodes, self.root_context, None, is_core, verbose)
  File "/opt/ros/noetic/lib/python3/dist-packages/roslaunch/xmlloader.py", line 665, in _recurse_load
    child_ns = self._ns_clear_params_attr(name, tag, context, ros_config)
  File "/opt/ros/noetic/lib/python3/dist-packages/roslaunch/xmlloader.py", line 558, in _ns_clear_params_attr
    ns = self.resolve_args(tag.getAttribute(NS), context)
  File "/opt/ros/noetic/lib/python3/dist-packages/roslaunch/xmlloader.py", line 189, in resolve_args
    return substitution_args.resolve_args(args, context=context.resolve_dict, resolve_anon=self.resolve_anon)
  File "/opt/ros/noetic/lib/python3/dist-packages/roslaunch/substitution_args.py", line 387, in resolve_args
    resolved = _resolve_args(arg_str, context, resolve_anon, commands)
  File "/opt/ros/noetic/lib/python3/dist-packages/roslaunch/substitution_args.py", line 401, in _resolve_args
    raise SubstitutionException("Unknown substitution command [%s]. Valid commands are %s"%(a, valid))
roslaunch.substitution_args.SubstitutionException: Unknown substitution command [0]. Valid commands are ['find', 'env', 'optenv', 'dirname', 'anon', 'arg']

During handling of the above exception, another exception occurred:

Traceback (most recent call last):
  File "/opt/ros/noetic/lib/python3/dist-packages/roslaunch/config.py", line 461, in load_config_default
    loader.load(f, config, argv=args, verbose=verbose)
  File "/opt/ros/noetic/lib/python3/dist-packages/roslaunch/xmlloader.py", line 766, in load
    raise XmlParseException(str(e))
roslaunch.xmlloader.XmlParseException: Unknown substitution command [0]. Valid commands are ['find', 'env', 'optenv', 'dirname', 'anon', 'arg']

During handling of the above exception, another exception occurred:

Traceback (most recent call last):
  File "/opt/ros/noetic/lib/python3/dist-packages/roslaunch/__init__.py", line 347, in main
    p.start()
  File "/opt/ros/noetic/lib/python3/dist-packages/roslaunch/parent.py", line 305, in start
    self._start_infrastructure()
  File "/opt/ros/noetic/lib/python3/dist-packages/roslaunch/parent.py", line 254, in _start_infrastructure
    self._load_config()
  File "/opt/ros/noetic/lib/python3/dist-packages/roslaunch/parent.py", line 156, in _load_config
    self.config = roslaunch.config.load_config_default(self.roslaunch_files, self.port,
  File "/opt/ros/noetic/lib/python3/dist-packages/roslaunch/config.py", line 463, in load_config_default
    raise RLException(e)
roslaunch.core.RLException: Unknown substitution command [0]. Valid commands are ['find', 'env', 'optenv', 'dirname', 'anon', 'arg']

[rospy.core][INFO] 2022-10-11 14:52:12,902: signal_shutdown [atexit]
